0 info it worked if it ends with ok
1 verbose cli [ '/home/brandan/.nvm/versions/node/v7.7.1/bin/node',
1 verbose cli   '/home/brandan/.nvm/versions/node/v7.7.1/bin/npm',
1 verbose cli   'start' ]
2 info using npm@4.1.2
3 info using node@v7.7.1
4 verbose run-script [ 'prestart', 'start', 'poststart' ]
5 info lifecycle namae@0.0.12~prestart: namae@0.0.12
6 silly lifecycle namae@0.0.12~prestart: no script for prestart, continuing
7 info lifecycle namae@0.0.12~start: namae@0.0.12
8 verbose lifecycle namae@0.0.12~start: unsafe-perm in lifecycle true
9 verbose lifecycle namae@0.0.12~start: PATH: /home/brandan/.nvm/versions/node/v7.7.1/lib/node_modules/npm/bin/node-gyp-bin:/mnt/c/Users/Brandan Palmer/Projects/namae/node_modules/.bin:/home/brandan/.nvm/versions/node/v7.7.1/bin:/usr/local/bin:/usr/bin:/bin:/usr/local/games:/usr/games
10 verbose lifecycle namae@0.0.12~start: CWD: /mnt/c/Users/Brandan Palmer/Projects/namae
11 silly lifecycle namae@0.0.12~start: Args: [ '-c', 'node index.js' ]
12 silly lifecycle namae@0.0.12~start: Returned: code: 1  signal: null
13 info lifecycle namae@0.0.12~start: Failed to exec start script
14 verbose stack Error: namae@0.0.12 start: `node index.js`
14 verbose stack Exit status 1
14 verbose stack     at EventEmitter.<anonymous> (/home/brandan/.nvm/versions/node/v7.7.1/lib/node_modules/npm/lib/utils/lifecycle.js:279:16)
14 verbose stack     at emitTwo (events.js:106:13)
14 verbose stack     at EventEmitter.emit (events.js:194:7)
14 verbose stack     at ChildProcess.<anonymous> (/home/brandan/.nvm/versions/node/v7.7.1/lib/node_modules/npm/lib/utils/spawn.js:40:14)
14 verbose stack     at emitTwo (events.js:106:13)
14 verbose stack     at ChildProcess.emit (events.js:194:7)
14 verbose stack     at maybeClose (internal/child_process.js:899:16)
14 verbose stack     at Process.ChildProcess._handle.onexit (internal/child_process.js:226:5)
15 verbose pkgid namae@0.0.12
16 verbose cwd /mnt/c/Users/Brandan Palmer/Projects/namae
17 error Linux 3.4.0+
18 error argv "/home/brandan/.nvm/versions/node/v7.7.1/bin/node" "/home/brandan/.nvm/versions/node/v7.7.1/bin/npm" "start"
19 error node v7.7.1
20 error npm  v4.1.2
21 error code ELIFECYCLE
22 error namae@0.0.12 start: `node index.js`
22 error Exit status 1
23 error Failed at the namae@0.0.12 start script 'node index.js'.
23 error Make sure you have the latest version of node.js and npm installed.
23 error If you do, this is most likely a problem with the namae package,
23 error not with npm itself.
23 error Tell the author that this fails on your system:
23 error     node index.js
23 error You can get information on how to open an issue for this project with:
23 error     npm bugs namae
23 error Or if that isn't available, you can get their info via:
23 error     npm owner ls namae
23 error There is likely additional logging output above.
24 verbose exit [ 1, true ]
